<?xml version="1.0" encoding="UTF-8" ?>
<testsuite tests="7" failures="0" name="softwarecorporativo.ejb.test.AdministradorTest" time="46.817" errors="0" skipped="0">
  <properties>
[...]
</properties>
  <testcase classname="softwarecorporativo.ejb.test.AdministradorTest" name="existeAdministrador" time="0.108"/>
  <testcase classname="softwarecorporativo.ejb.test.AdministradorTest" name="getAdministradorPorCPF" time="0.031"/>
  <testcase classname="softwarecorporativo.ejb.test.AdministradorTest" name="consultarAdministradorCPFInvalido" time="0.36"/>
  <testcase classname="softwarecorporativo.ejb.test.AdministradorTest" name="atualizarInvalido" time="0.072"/>
  <testcase classname="softwarecorporativo.ejb.test.AdministradorTest" name="getAdministradorPorId" time="0.003"/>
  <testcase classname="softwarecorporativo.ejb.test.AdministradorTest" name="atualizar" time="0.173"/>
  <testcase classname="softwarecorporativo.ejb.test.AdministradorTest" name="persistir" time="0.058"/>
</testsuite>